{"/Users/liz/Documents/React/server-pern/src/router.ts": {"path":"/Users/liz/Documents/React/server-pern/src/router.ts","statementMap":{"0":{"start":{"line":1,"column":0},"end":{"line":1,"column":33}},"1":{"start":{"line":2,"column":0},"end":{"line":2,"column":null}},"2":{"start":{"line":11,"column":0},"end":{"line":11,"column":49}},"3":{"start":{"line":12,"column":0},"end":{"line":12,"column":48}},"4":{"start":{"line":13,"column":0},"end":{"line":13,"column":47}},"5":{"start":{"line":14,"column":0},"end":{"line":14,"column":47}},"6":{"start":{"line":16,"column":15},"end":{"line":16,"column":23}},"7":{"start":{"line":18,"column":0},"end":{"line":18,"column":20}},"8":{"start":{"line":20,"column":0},"end":{"line":23,"column":2}},"9":{"start":{"line":25,"column":0},"end":{"line":32,"column":2}},"10":{"start":{"line":34,"column":0},"end":{"line":51,"column":2}},"11":{"start":{"line":46,"column":23},"end":{"line":46,"column":32}},"12":{"start":{"line":53,"column":0},"end":{"line":78,"column":2}},"13":{"start":{"line":69,"column":23},"end":{"line":69,"column":32}},"14":{"start":{"line":80,"column":0},"end":{"line":88,"column":2}},"15":{"start":{"line":90,"column":0},"end":{"line":99,"column":2}},"16":{"start":{"line":101,"column":0},"end":{"line":101,"column":22}}},"fnMap":{"0":{"name":"(anonymous_0)","decl":{"start":{"line":46,"column":12},"end":{"line":46,"column":13}},"loc":{"start":{"line":46,"column":23},"end":{"line":46,"column":32}}},"1":{"name":"(anonymous_1)","decl":{"start":{"line":69,"column":12},"end":{"line":69,"column":13}},"loc":{"start":{"line":69,"column":23},"end":{"line":69,"column":32}}}},"branchMap":{},"s":{"0":2,"1":2,"2":2,"3":2,"4":2,"5":2,"6":2,"7":2,"8":2,"9":2,"10":2,"11":11,"12":2,"13":4,"14":2,"15":2,"16":2},"f":{"0":11,"1":4},"b":{}}
,"/Users/liz/Documents/React/server-pern/src/server.ts": {"path":"/Users/liz/Documents/React/server-pern/src/server.ts","statementMap":{"0":{"start":{"line":1,"column":0},"end":{"line":1,"column":30}},"1":{"start":{"line":3,"column":0},"end":{"line":3,"column":29}},"2":{"start":{"line":4,"column":0},"end":{"line":4,"column":28}},"3":{"start":{"line":6,"column":0},"end":{"line":6,"column":28}},"4":{"start":{"line":8,"column":0},"end":{"line":8,"column":44}},"5":{"start":{"line":11,"column":4},"end":{"line":19,"column":5}},"6":{"start":{"line":12,"column":8},"end":{"line":12,"column":null}},"7":{"start":{"line":13,"column":8},"end":{"line":13,"column":18}},"8":{"start":{"line":14,"column":8},"end":{"line":14,"column":58}},"9":{"start":{"line":23,"column":0},"end":{"line":23,"column":15}},"10":{"start":{"line":26,"column":15},"end":{"line":26,"column":24}},"11":{"start":{"line":28,"column":0},"end":{"line":28,"column":null}},"12":{"start":{"line":30,"column":0},"end":{"line":30,"column":20}},"13":{"start":{"line":32,"column":0},"end":{"line":32,"column":null}},"14":{"start":{"line":34,"column":0},"end":{"line":34,"column":null}}},"fnMap":{"0":{"name":"connectionDB","decl":{"start":{"line":10,"column":15},"end":{"line":10,"column":27}},"loc":{"start":{"line":10,"column":27},"end":{"line":21,"column":1}}}},"branchMap":{},"s":{"0":2,"1":2,"2":2,"3":2,"4":2,"5":2,"6":2,"7":1,"8":1,"9":2,"10":2,"11":2,"12":2,"13":2,"14":2},"f":{"0":2},"b":{}}
,"/Users/liz/Documents/React/server-pern/src/config/db.ts": {"path":"/Users/liz/Documents/React/server-pern/src/config/db.ts","statementMap":{"0":{"start":{"line":1,"column":0},"end":{"line":1,"column":49}},"1":{"start":{"line":2,"column":0},"end":{"line":2,"column":28}},"2":{"start":{"line":4,"column":0},"end":{"line":4,"column":16}},"3":{"start":{"line":7,"column":12},"end":{"line":9,"column":2}},"4":{"start":{"line":13,"column":0},"end":{"line":13,"column":null}}},"fnMap":{},"branchMap":{},"s":{"0":2,"1":2,"2":2,"3":2,"4":2},"f":{},"b":{}}
,"/Users/liz/Documents/React/server-pern/src/handlers/product.ts": {"path":"/Users/liz/Documents/React/server-pern/src/handlers/product.ts","statementMap":{"0":{"start":{"line":4,"column":0},"end":{"line":4,"column":43}},"1":{"start":{"line":7,"column":29},"end":{"line":14,"column":1}},"2":{"start":{"line":8,"column":2},"end":{"line":13,"column":3}},"3":{"start":{"line":9,"column":20},"end":{"line":9,"column":50}},"4":{"start":{"line":10,"column":4},"end":{"line":10,"column":44}},"5":{"start":{"line":7,"column":13},"end":{"line":7,"column":29}},"6":{"start":{"line":16,"column":27},"end":{"line":25,"column":1}},"7":{"start":{"line":17,"column":2},"end":{"line":24,"column":3}},"8":{"start":{"line":18,"column":20},"end":{"line":20,"column":6}},"9":{"start":{"line":21,"column":4},"end":{"line":21,"column":32}},"10":{"start":{"line":16,"column":13},"end":{"line":16,"column":27}},"11":{"start":{"line":27,"column":28},"end":{"line":40,"column":1}},"12":{"start":{"line":28,"column":2},"end":{"line":39,"column":3}},"13":{"start":{"line":29,"column":19},"end":{"line":29,"column":29}},"14":{"start":{"line":30,"column":20},"end":{"line":30,"column":46}},"15":{"start":{"line":32,"column":4},"end":{"line":34,"column":5}},"16":{"start":{"line":33,"column":6},"end":{"line":33,"column":71}},"17":{"start":{"line":36,"column":4},"end":{"line":36,"column":32}},"18":{"start":{"line":27,"column":13},"end":{"line":27,"column":28}},"19":{"start":{"line":42,"column":29},"end":{"line":55,"column":1}},"20":{"start":{"line":43,"column":17},"end":{"line":43,"column":27}},"21":{"start":{"line":45,"column":18},"end":{"line":45,"column":44}},"22":{"start":{"line":47,"column":2},"end":{"line":49,"column":3}},"23":{"start":{"line":48,"column":4},"end":{"line":48,"column":69}},"24":{"start":{"line":51,"column":2},"end":{"line":51,"column":33}},"25":{"start":{"line":52,"column":2},"end":{"line":52,"column":23}},"26":{"start":{"line":54,"column":2},"end":{"line":54,"column":30}},"27":{"start":{"line":42,"column":13},"end":{"line":42,"column":29}},"28":{"start":{"line":57,"column":34},"end":{"line":73,"column":1}},"29":{"start":{"line":58,"column":2},"end":{"line":72,"column":3}},"30":{"start":{"line":59,"column":19},"end":{"line":59,"column":29}},"31":{"start":{"line":60,"column":20},"end":{"line":60,"column":46}},"32":{"start":{"line":62,"column":4},"end":{"line":64,"column":5}},"33":{"start":{"line":63,"column":6},"end":{"line":63,"column":71}},"34":{"start":{"line":66,"column":4},"end":{"line":66,"column":null}},"35":{"start":{"line":67,"column":4},"end":{"line":67,"column":25}},"36":{"start":{"line":69,"column":4},"end":{"line":69,"column":32}},"37":{"start":{"line":57,"column":13},"end":{"line":57,"column":34}},"38":{"start":{"line":75,"column":29},"end":{"line":87,"column":1}},"39":{"start":{"line":76,"column":17},"end":{"line":76,"column":27}},"40":{"start":{"line":78,"column":18},"end":{"line":78,"column":44}},"41":{"start":{"line":80,"column":2},"end":{"line":82,"column":3}},"42":{"start":{"line":81,"column":4},"end":{"line":81,"column":69}},"43":{"start":{"line":84,"column":2},"end":{"line":84,"column":34}},"44":{"start":{"line":86,"column":2},"end":{"line":86,"column":46}},"45":{"start":{"line":75,"column":13},"end":{"line":75,"column":29}}},"fnMap":{"0":{"name":"(anonymous_1)","decl":{"start":{"line":7,"column":29},"end":{"line":7,"column":34}},"loc":{"start":{"line":7,"column":67},"end":{"line":14,"column":1}}},"1":{"name":"(anonymous_2)","decl":{"start":{"line":16,"column":27},"end":{"line":16,"column":32}},"loc":{"start":{"line":16,"column":65},"end":{"line":25,"column":1}}},"2":{"name":"(anonymous_3)","decl":{"start":{"line":27,"column":28},"end":{"line":27,"column":33}},"loc":{"start":{"line":27,"column":66},"end":{"line":40,"column":1}}},"3":{"name":"(anonymous_4)","decl":{"start":{"line":42,"column":29},"end":{"line":42,"column":34}},"loc":{"start":{"line":42,"column":67},"end":{"line":55,"column":1}}},"4":{"name":"(anonymous_5)","decl":{"start":{"line":57,"column":34},"end":{"line":57,"column":39}},"loc":{"start":{"line":57,"column":72},"end":{"line":73,"column":1}}},"5":{"name":"(anonymous_6)","decl":{"start":{"line":75,"column":29},"end":{"line":75,"column":34}},"loc":{"start":{"line":75,"column":67},"end":{"line":87,"column":1}}}},"branchMap":{"0":{"loc":{"start":{"line":32,"column":4},"end":{"line":34,"column":5}},"type":"if","locations":[{"start":{"line":32,"column":4},"end":{"line":34,"column":5}}]},"1":{"loc":{"start":{"line":47,"column":2},"end":{"line":49,"column":3}},"type":"if","locations":[{"start":{"line":47,"column":2},"end":{"line":49,"column":3}}]},"2":{"loc":{"start":{"line":62,"column":4},"end":{"line":64,"column":5}},"type":"if","locations":[{"start":{"line":62,"column":4},"end":{"line":64,"column":5}}]},"3":{"loc":{"start":{"line":80,"column":2},"end":{"line":82,"column":3}},"type":"if","locations":[{"start":{"line":80,"column":2},"end":{"line":82,"column":3}}]}},"s":{"0":2,"1":2,"2":8,"3":8,"4":8,"5":2,"6":2,"7":4,"8":4,"9":4,"10":2,"11":2,"12":2,"13":2,"14":2,"15":2,"16":1,"17":1,"18":2,"19":2,"20":2,"21":2,"22":2,"23":1,"24":1,"25":1,"26":1,"27":2,"28":2,"29":4,"30":4,"31":4,"32":4,"33":1,"34":3,"35":3,"36":3,"37":2,"38":2,"39":2,"40":2,"41":2,"42":1,"43":1,"44":1,"45":2},"f":{"0":8,"1":4,"2":2,"3":2,"4":4,"5":2},"b":{"0":[1],"1":[1],"2":[1],"3":[1]}}
,"/Users/liz/Documents/React/server-pern/src/middleware/delete.ts": {"path":"/Users/liz/Documents/React/server-pern/src/middleware/delete.ts","statementMap":{"0":{"start":{"line":2,"column":0},"end":{"line":2,"column":41}},"1":{"start":{"line":4,"column":13},"end":{"line":8,"column":2}}},"fnMap":{},"branchMap":{},"s":{"0":2,"1":2},"f":{},"b":{}}
,"/Users/liz/Documents/React/server-pern/src/middleware/index.ts": {"path":"/Users/liz/Documents/React/server-pern/src/middleware/index.ts","statementMap":{"0":{"start":{"line":1,"column":0},"end":{"line":1,"column":53}},"1":{"start":{"line":4,"column":33},"end":{"line":13,"column":1}},"2":{"start":{"line":5,"column":2},"end":{"line":5,"column":36}},"3":{"start":{"line":7,"column":17},"end":{"line":7,"column":38}},"4":{"start":{"line":8,"column":2},"end":{"line":10,"column":3}},"5":{"start":{"line":9,"column":4},"end":{"line":9,"column":60}},"6":{"start":{"line":12,"column":2},"end":{"line":12,"column":9}},"7":{"start":{"line":4,"column":13},"end":{"line":4,"column":33}}},"fnMap":{"0":{"name":"(anonymous_0)","decl":{"start":{"line":4,"column":33},"end":{"line":4,"column":34}},"loc":{"start":{"line":4,"column":83},"end":{"line":13,"column":1}}}},"branchMap":{"0":{"loc":{"start":{"line":8,"column":2},"end":{"line":10,"column":3}},"type":"if","locations":[{"start":{"line":8,"column":2},"end":{"line":10,"column":3}}]}},"s":{"0":2,"1":2,"2":25,"3":25,"4":25,"5":7,"6":18,"7":2},"f":{"0":25},"b":{"0":[7]}}
,"/Users/liz/Documents/React/server-pern/src/middleware/methods.ts": {"path":"/Users/liz/Documents/React/server-pern/src/middleware/methods.ts","statementMap":{"0":{"start":{"line":4,"column":0},"end":{"line":4,"column":16}},"1":{"start":{"line":2,"column":0},"end":{"line":2,"column":28}},"2":{"start":{"line":5,"column":4},"end":{"line":5,"column":111}},"3":{"start":{"line":6,"column":4},"end":{"line":6,"column":11}}},"fnMap":{"0":{"name":"methods","decl":{"start":{"line":4,"column":16},"end":{"line":4,"column":23}},"loc":{"start":{"line":4,"column":71},"end":{"line":7,"column":1}}}},"branchMap":{},"s":{"0":2,"1":2,"2":59,"3":59},"f":{"0":59},"b":{}}
,"/Users/liz/Documents/React/server-pern/src/models/Product.mo.ts": {"path":"/Users/liz/Documents/React/server-pern/src/models/Product.mo.ts","statementMap":{"0":{"start":{"line":1,"column":0},"end":{"line":1,"column":79}},"1":{"start":{"line":7,"column":0},"end":{"line":23,"column":null}},"2":{"start":{"line":11,"column":12},"end":{"line":11,"column":null}},"3":{"start":{"line":16,"column":12},"end":{"line":16,"column":null}},"4":{"start":{"line":22,"column":12},"end":{"line":22,"column":null}},"5":{"start":{"line":7,"column":6},"end":{"line":23,"column":null}},"6":{"start":{"line":25,"column":0},"end":{"line":25,"column":null}}},"fnMap":{},"branchMap":{},"s":{"0":2,"1":2,"2":2,"3":2,"4":2,"5":2,"6":2},"f":{},"b":{}}
}
