{"/Users/Alumno/Documents/liz/server-pern/src/router.ts": {"path":"/Users/Alumno/Documents/liz/server-pern/src/router.ts","statementMap":{"0":{"start":{"line":1,"column":0},"end":{"line":1,"column":33}},"1":{"start":{"line":2,"column":0},"end":{"line":2,"column":null}},"2":{"start":{"line":11,"column":0},"end":{"line":11,"column":49}},"3":{"start":{"line":12,"column":0},"end":{"line":12,"column":48}},"4":{"start":{"line":13,"column":0},"end":{"line":13,"column":47}},"5":{"start":{"line":14,"column":0},"end":{"line":14,"column":47}},"6":{"start":{"line":16,"column":15},"end":{"line":16,"column":23}},"7":{"start":{"line":18,"column":0},"end":{"line":18,"column":20}},"8":{"start":{"line":20,"column":0},"end":{"line":23,"column":2}},"9":{"start":{"line":25,"column":0},"end":{"line":32,"column":2}},"10":{"start":{"line":34,"column":0},"end":{"line":51,"column":2}},"11":{"start":{"line":46,"column":23},"end":{"line":46,"column":32}},"12":{"start":{"line":53,"column":0},"end":{"line":78,"column":2}},"13":{"start":{"line":69,"column":23},"end":{"line":69,"column":32}},"14":{"start":{"line":80,"column":0},"end":{"line":88,"column":2}},"15":{"start":{"line":90,"column":0},"end":{"line":99,"column":2}},"16":{"start":{"line":101,"column":0},"end":{"line":101,"column":22}}},"fnMap":{"0":{"name":"(anonymous_0)","decl":{"start":{"line":46,"column":12},"end":{"line":46,"column":13}},"loc":{"start":{"line":46,"column":23},"end":{"line":46,"column":32}}},"1":{"name":"(anonymous_1)","decl":{"start":{"line":69,"column":12},"end":{"line":69,"column":13}},"loc":{"start":{"line":69,"column":23},"end":{"line":69,"column":32}}}},"branchMap":{},"s":{"0":2,"1":2,"2":2,"3":2,"4":2,"5":2,"6":2,"7":2,"8":2,"9":2,"10":2,"11":11,"12":2,"13":4,"14":2,"15":2,"16":2},"f":{"0":11,"1":4},"b":{}}
,"/Users/Alumno/Documents/liz/server-pern/src/server.ts": {"path":"/Users/Alumno/Documents/liz/server-pern/src/server.ts","statementMap":{"0":{"start":{"line":10,"column":0},"end":{"line":10,"column":7}},"1":{"start":{"line":1,"column":0},"end":{"line":1,"column":30}},"2":{"start":{"line":3,"column":0},"end":{"line":3,"column":29}},"3":{"start":{"line":4,"column":0},"end":{"line":4,"column":28}},"4":{"start":{"line":6,"column":0},"end":{"line":6,"column":28}},"5":{"start":{"line":8,"column":0},"end":{"line":8,"column":44}},"6":{"start":{"line":11,"column":4},"end":{"line":19,"column":5}},"7":{"start":{"line":12,"column":8},"end":{"line":12,"column":null}},"8":{"start":{"line":13,"column":8},"end":{"line":13,"column":18}},"9":{"start":{"line":14,"column":8},"end":{"line":14,"column":58}},"10":{"start":{"line":16,"column":8},"end":{"line":16,"column":27}},"11":{"start":{"line":17,"column":8},"end":{"line":17,"column":74}},"12":{"start":{"line":23,"column":0},"end":{"line":23,"column":15}},"13":{"start":{"line":26,"column":15},"end":{"line":26,"column":24}},"14":{"start":{"line":28,"column":0},"end":{"line":28,"column":null}},"15":{"start":{"line":30,"column":0},"end":{"line":30,"column":20}},"16":{"start":{"line":32,"column":0},"end":{"line":32,"column":null}},"17":{"start":{"line":34,"column":0},"end":{"line":34,"column":null}}},"fnMap":{"0":{"name":"connectionDB","decl":{"start":{"line":10,"column":22},"end":{"line":10,"column":34}},"loc":{"start":{"line":10,"column":34},"end":{"line":21,"column":1}}}},"branchMap":{},"s":{"0":2,"1":2,"2":2,"3":2,"4":2,"5":2,"6":3,"7":3,"8":2,"9":2,"10":1,"11":1,"12":2,"13":2,"14":2,"15":2,"16":2,"17":2},"f":{"0":3},"b":{}}
,"/Users/Alumno/Documents/liz/server-pern/src/config/db.ts": {"path":"/Users/Alumno/Documents/liz/server-pern/src/config/db.ts","statementMap":{"0":{"start":{"line":1,"column":0},"end":{"line":1,"column":49}},"1":{"start":{"line":2,"column":0},"end":{"line":2,"column":28}},"2":{"start":{"line":4,"column":0},"end":{"line":4,"column":16}},"3":{"start":{"line":7,"column":12},"end":{"line":9,"column":2}},"4":{"start":{"line":13,"column":0},"end":{"line":13,"column":null}}},"fnMap":{},"branchMap":{},"s":{"0":2,"1":2,"2":2,"3":2,"4":2},"f":{},"b":{}}
,"/Users/Alumno/Documents/liz/server-pern/src/handlers/product.ts": {"path":"/Users/Alumno/Documents/liz/server-pern/src/handlers/product.ts","statementMap":{"0":{"start":{"line":3,"column":0},"end":{"line":3,"column":28}},"1":{"start":{"line":6,"column":0},"end":{"line":6,"column":43}},"2":{"start":{"line":9,"column":29},"end":{"line":16,"column":1}},"3":{"start":{"line":10,"column":2},"end":{"line":15,"column":3}},"4":{"start":{"line":11,"column":20},"end":{"line":11,"column":50}},"5":{"start":{"line":12,"column":4},"end":{"line":12,"column":44}},"6":{"start":{"line":14,"column":4},"end":{"line":14,"column":76}},"7":{"start":{"line":9,"column":13},"end":{"line":9,"column":29}},"8":{"start":{"line":18,"column":27},"end":{"line":27,"column":1}},"9":{"start":{"line":19,"column":2},"end":{"line":26,"column":3}},"10":{"start":{"line":20,"column":20},"end":{"line":22,"column":6}},"11":{"start":{"line":23,"column":4},"end":{"line":23,"column":32}},"12":{"start":{"line":25,"column":4},"end":{"line":25,"column":78}},"13":{"start":{"line":18,"column":13},"end":{"line":18,"column":27}},"14":{"start":{"line":29,"column":28},"end":{"line":42,"column":1}},"15":{"start":{"line":30,"column":2},"end":{"line":41,"column":3}},"16":{"start":{"line":31,"column":19},"end":{"line":31,"column":29}},"17":{"start":{"line":32,"column":20},"end":{"line":32,"column":46}},"18":{"start":{"line":34,"column":4},"end":{"line":36,"column":5}},"19":{"start":{"line":35,"column":6},"end":{"line":35,"column":71}},"20":{"start":{"line":38,"column":4},"end":{"line":38,"column":32}},"21":{"start":{"line":40,"column":4},"end":{"line":40,"column":85}},"22":{"start":{"line":29,"column":13},"end":{"line":29,"column":28}},"23":{"start":{"line":44,"column":29},"end":{"line":57,"column":1}},"24":{"start":{"line":45,"column":17},"end":{"line":45,"column":27}},"25":{"start":{"line":47,"column":18},"end":{"line":47,"column":44}},"26":{"start":{"line":49,"column":2},"end":{"line":51,"column":3}},"27":{"start":{"line":50,"column":4},"end":{"line":50,"column":69}},"28":{"start":{"line":53,"column":2},"end":{"line":53,"column":33}},"29":{"start":{"line":54,"column":2},"end":{"line":54,"column":23}},"30":{"start":{"line":56,"column":2},"end":{"line":56,"column":30}},"31":{"start":{"line":44,"column":13},"end":{"line":44,"column":29}},"32":{"start":{"line":59,"column":34},"end":{"line":75,"column":1}},"33":{"start":{"line":60,"column":2},"end":{"line":74,"column":3}},"34":{"start":{"line":61,"column":19},"end":{"line":61,"column":29}},"35":{"start":{"line":62,"column":20},"end":{"line":62,"column":46}},"36":{"start":{"line":64,"column":4},"end":{"line":66,"column":5}},"37":{"start":{"line":65,"column":6},"end":{"line":65,"column":71}},"38":{"start":{"line":68,"column":4},"end":{"line":68,"column":null}},"39":{"start":{"line":69,"column":4},"end":{"line":69,"column":25}},"40":{"start":{"line":71,"column":4},"end":{"line":71,"column":32}},"41":{"start":{"line":73,"column":4},"end":{"line":73,"column":90}},"42":{"start":{"line":59,"column":13},"end":{"line":59,"column":34}},"43":{"start":{"line":77,"column":29},"end":{"line":89,"column":1}},"44":{"start":{"line":78,"column":17},"end":{"line":78,"column":27}},"45":{"start":{"line":80,"column":18},"end":{"line":80,"column":44}},"46":{"start":{"line":82,"column":2},"end":{"line":84,"column":3}},"47":{"start":{"line":83,"column":4},"end":{"line":83,"column":69}},"48":{"start":{"line":86,"column":2},"end":{"line":86,"column":34}},"49":{"start":{"line":88,"column":2},"end":{"line":88,"column":46}},"50":{"start":{"line":77,"column":13},"end":{"line":77,"column":29}}},"fnMap":{"0":{"name":"(anonymous_1)","decl":{"start":{"line":9,"column":29},"end":{"line":9,"column":34}},"loc":{"start":{"line":9,"column":67},"end":{"line":16,"column":1}}},"1":{"name":"(anonymous_2)","decl":{"start":{"line":18,"column":27},"end":{"line":18,"column":32}},"loc":{"start":{"line":18,"column":65},"end":{"line":27,"column":1}}},"2":{"name":"(anonymous_3)","decl":{"start":{"line":29,"column":28},"end":{"line":29,"column":33}},"loc":{"start":{"line":29,"column":66},"end":{"line":42,"column":1}}},"3":{"name":"(anonymous_4)","decl":{"start":{"line":44,"column":29},"end":{"line":44,"column":34}},"loc":{"start":{"line":44,"column":67},"end":{"line":57,"column":1}}},"4":{"name":"(anonymous_5)","decl":{"start":{"line":59,"column":34},"end":{"line":59,"column":39}},"loc":{"start":{"line":59,"column":72},"end":{"line":75,"column":1}}},"5":{"name":"(anonymous_6)","decl":{"start":{"line":77,"column":29},"end":{"line":77,"column":34}},"loc":{"start":{"line":77,"column":67},"end":{"line":89,"column":1}}}},"branchMap":{"0":{"loc":{"start":{"line":34,"column":4},"end":{"line":36,"column":5}},"type":"if","locations":[{"start":{"line":34,"column":4},"end":{"line":36,"column":5}}]},"1":{"loc":{"start":{"line":49,"column":2},"end":{"line":51,"column":3}},"type":"if","locations":[{"start":{"line":49,"column":2},"end":{"line":51,"column":3}}]},"2":{"loc":{"start":{"line":64,"column":4},"end":{"line":66,"column":5}},"type":"if","locations":[{"start":{"line":64,"column":4},"end":{"line":66,"column":5}}]},"3":{"loc":{"start":{"line":82,"column":2},"end":{"line":84,"column":3}},"type":"if","locations":[{"start":{"line":82,"column":2},"end":{"line":84,"column":3}}]}},"s":{"0":2,"1":2,"2":2,"3":9,"4":9,"5":8,"6":1,"7":2,"8":2,"9":5,"10":5,"11":4,"12":1,"13":2,"14":2,"15":2,"16":2,"17":2,"18":2,"19":1,"20":1,"21":0,"22":2,"23":2,"24":2,"25":2,"26":2,"27":1,"28":1,"29":1,"30":1,"31":2,"32":2,"33":4,"34":4,"35":4,"36":4,"37":1,"38":3,"39":3,"40":3,"41":0,"42":2,"43":2,"44":2,"45":2,"46":2,"47":1,"48":1,"49":1,"50":2},"f":{"0":9,"1":5,"2":2,"3":2,"4":4,"5":2},"b":{"0":[1],"1":[1],"2":[1],"3":[1]}}
,"/Users/Alumno/Documents/liz/server-pern/src/middleware/delete.ts": {"path":"/Users/Alumno/Documents/liz/server-pern/src/middleware/delete.ts","statementMap":{"0":{"start":{"line":2,"column":0},"end":{"line":2,"column":41}},"1":{"start":{"line":4,"column":13},"end":{"line":8,"column":2}}},"fnMap":{},"branchMap":{},"s":{"0":2,"1":2},"f":{},"b":{}}
,"/Users/Alumno/Documents/liz/server-pern/src/middleware/index.ts": {"path":"/Users/Alumno/Documents/liz/server-pern/src/middleware/index.ts","statementMap":{"0":{"start":{"line":1,"column":0},"end":{"line":1,"column":53}},"1":{"start":{"line":4,"column":33},"end":{"line":13,"column":1}},"2":{"start":{"line":5,"column":2},"end":{"line":5,"column":36}},"3":{"start":{"line":7,"column":17},"end":{"line":7,"column":38}},"4":{"start":{"line":8,"column":2},"end":{"line":10,"column":3}},"5":{"start":{"line":9,"column":4},"end":{"line":9,"column":60}},"6":{"start":{"line":12,"column":2},"end":{"line":12,"column":9}},"7":{"start":{"line":4,"column":13},"end":{"line":4,"column":33}}},"fnMap":{"0":{"name":"(anonymous_0)","decl":{"start":{"line":4,"column":33},"end":{"line":4,"column":34}},"loc":{"start":{"line":4,"column":83},"end":{"line":13,"column":1}}}},"branchMap":{"0":{"loc":{"start":{"line":8,"column":2},"end":{"line":10,"column":3}},"type":"if","locations":[{"start":{"line":8,"column":2},"end":{"line":10,"column":3}}]}},"s":{"0":2,"1":2,"2":25,"3":25,"4":25,"5":7,"6":18,"7":2},"f":{"0":25},"b":{"0":[7]}}
,"/Users/Alumno/Documents/liz/server-pern/src/middleware/methods.ts": {"path":"/Users/Alumno/Documents/liz/server-pern/src/middleware/methods.ts","statementMap":{"0":{"start":{"line":4,"column":0},"end":{"line":4,"column":16}},"1":{"start":{"line":2,"column":0},"end":{"line":2,"column":28}},"2":{"start":{"line":5,"column":4},"end":{"line":5,"column":111}},"3":{"start":{"line":6,"column":4},"end":{"line":6,"column":11}}},"fnMap":{"0":{"name":"methods","decl":{"start":{"line":4,"column":16},"end":{"line":4,"column":23}},"loc":{"start":{"line":4,"column":71},"end":{"line":7,"column":1}}}},"branchMap":{},"s":{"0":2,"1":2,"2":58,"3":58},"f":{"0":58},"b":{}}
,"/Users/Alumno/Documents/liz/server-pern/src/models/Product.mo.ts": {"path":"/Users/Alumno/Documents/liz/server-pern/src/models/Product.mo.ts","statementMap":{"0":{"start":{"line":1,"column":0},"end":{"line":1,"column":79}},"1":{"start":{"line":7,"column":0},"end":{"line":23,"column":null}},"2":{"start":{"line":11,"column":12},"end":{"line":11,"column":null}},"3":{"start":{"line":16,"column":12},"end":{"line":16,"column":null}},"4":{"start":{"line":22,"column":12},"end":{"line":22,"column":null}},"5":{"start":{"line":7,"column":6},"end":{"line":23,"column":null}},"6":{"start":{"line":25,"column":0},"end":{"line":25,"column":null}}},"fnMap":{},"branchMap":{},"s":{"0":3,"1":3,"2":3,"3":3,"4":3,"5":3,"6":3},"f":{},"b":{}}
}
