TN:
SF:src/router.ts
FN:98,(anonymous_0)
FN:111,(anonymous_1)
FNF:2
FNH:2
FNDA:11,(anonymous_0)
FNDA:4,(anonymous_1)
DA:1,3
DA:2,3
DA:11,3
DA:19,3
DA:20,3
DA:21,3
DA:22,3
DA:24,3
DA:79,3
DA:82,3
DA:84,3
DA:91,3
DA:98,11
DA:103,3
DA:111,4
DA:117,3
DA:124,3
DA:133,3
DA:135,3
DA:142,3
DA:151,3
DA:160,3
DA:167,3
LF:23
LH:23
BRF:0
BRH:0
end_of_record
TN:
SF:src/server.ts
FN:14,connectionDB
FNF:1
FNH:1
FNDA:4,connectionDB
DA:1,3
DA:3,3
DA:4,3
DA:6,3
DA:8,3
DA:10,3
DA:11,3
DA:14,3
DA:15,4
DA:16,4
DA:17,3
DA:18,3
DA:20,1
DA:21,1
DA:27,3
DA:30,3
DA:32,3
DA:34,3
DA:36,3
DA:38,3
DA:40,3
LF:21
LH:21
BRF:0
BRH:0
end_of_record
TN:
SF:src/config/db.ts
FNF:0
FNH:0
DA:1,3
DA:2,3
DA:4,3
DA:7,3
DA:13,3
LF:5
LH:5
BRF:0
BRH:0
end_of_record
TN:
SF:src/config/swagger.ts
FNF:0
FNH:0
DA:1,3
DA:4,3
DA:28,3
DA:30,3
DA:44,3
DA:46,3
LF:6
LH:6
BRF:0
BRH:0
end_of_record
TN:
SF:src/handlers/product.ts
FN:9,(anonymous_1)
FN:18,(anonymous_2)
FN:29,(anonymous_3)
FN:44,(anonymous_4)
FN:59,(anonymous_5)
FN:77,(anonymous_6)
FNF:6
FNH:6
FNDA:9,(anonymous_1)
FNDA:5,(anonymous_2)
FNDA:3,(anonymous_3)
FNDA:2,(anonymous_4)
FNDA:5,(anonymous_5)
FNDA:3,(anonymous_6)
DA:3,3
DA:6,3
DA:9,3
DA:10,9
DA:11,9
DA:12,8
DA:14,1
DA:18,3
DA:19,5
DA:20,5
DA:23,4
DA:25,1
DA:29,3
DA:30,3
DA:31,3
DA:32,2
DA:34,2
DA:35,1
DA:38,1
DA:40,1
DA:44,3
DA:45,2
DA:47,2
DA:49,2
DA:50,1
DA:53,1
DA:54,1
DA:56,1
DA:59,3
DA:60,5
DA:61,5
DA:62,4
DA:64,4
DA:65,1
DA:68,3
DA:69,3
DA:71,3
DA:73,1
DA:77,3
DA:78,3
DA:79,3
DA:81,2
DA:83,2
DA:84,1
DA:87,1
DA:89,1
DA:91,1
LF:47
LH:47
BRDA:34,0,0,1
BRDA:49,1,0,1
BRDA:64,2,0,1
BRDA:83,3,0,1
BRF:4
BRH:4
end_of_record
TN:
SF:src/handlers/user.ts
FN:7,(anonymous_1)
FN:27,(anonymous_2)
FN:49,(anonymous_3)
FN:60,(anonymous_4)
FN:88,(anonymous_5)
FNF:5
FNH:5
FNDA:7,(anonymous_1)
FNDA:1,(anonymous_2)
FNDA:3,(anonymous_3)
FNDA:3,(anonymous_4)
FNDA:3,(anonymous_5)
DA:2,3
DA:5,3
DA:7,3
DA:8,7
DA:9,7
DA:11,7
DA:12,6
DA:14,6
DA:15,2
DA:20,4
DA:21,4
DA:23,1
DA:27,3
DA:28,1
DA:29,1
DA:31,1
DA:33,1
DA:34,0
DA:37,1
DA:42,0
DA:44,1
DA:45,1
DA:49,3
DA:50,3
DA:51,3
DA:52,2
DA:54,1
DA:56,1
DA:60,3
DA:61,3
DA:62,3
DA:63,0
DA:68,3
DA:69,3
DA:71,3
DA:72,2
DA:73,1
DA:76,1
DA:77,1
DA:80,1
DA:81,1
DA:88,3
DA:89,3
DA:90,3
DA:92,3
DA:93,2
DA:95,1
DA:96,1
DA:98,1
DA:100,1
LF:50
LH:47
BRDA:14,0,0,2
BRDA:14,1,0,6
BRDA:14,1,1,4
BRDA:33,2,0,0
BRDA:52,3,0,1
BRDA:62,4,0,0
BRDA:62,5,0,3
BRDA:62,5,1,3
BRDA:72,6,0,1
BRDA:93,7,0,1
BRF:10
BRH:8
end_of_record
TN:
SF:src/middleware/delete.ts
FNF:0
FNH:0
DA:2,3
DA:4,3
LF:2
LH:2
BRF:0
BRH:0
end_of_record
TN:
SF:src/middleware/index.ts
FN:4,(anonymous_0)
FNF:1
FNH:1
FNDA:39,(anonymous_0)
DA:1,3
DA:4,3
DA:5,39
DA:7,39
DA:8,39
DA:9,9
DA:12,30
LF:7
LH:7
BRDA:8,0,0,9
BRF:1
BRH:1
end_of_record
TN:
SF:src/middleware/methods.ts
FN:4,methods
FNF:1
FNH:1
FNDA:86,methods
DA:2,3
DA:4,3
DA:5,86
DA:6,86
LF:4
LH:4
BRF:0
BRH:0
end_of_record
TN:
SF:src/models/Product.mo.ts
FNF:0
FNH:0
DA:1,4
DA:7,4
DA:11,4
DA:16,4
DA:22,4
DA:25,4
LF:6
LH:6
BRF:0
BRH:0
end_of_record
TN:
SF:src/models/User.mo.ts
FNF:0
FNH:0
DA:1,4
DA:7,4
DA:13,4
DA:21,4
DA:30,4
DA:36,4
DA:42,4
DA:48,4
DA:54,4
LF:9
LH:9
BRF:0
BRH:0
end_of_record
