TN:
SF:src/router.ts
FN:46,(anonymous_0)
FN:69,(anonymous_1)
FNF:2
FNH:2
FNDA:11,(anonymous_0)
FNDA:4,(anonymous_1)
DA:1,2
DA:2,2
DA:11,2
DA:12,2
DA:13,2
DA:14,2
DA:16,2
DA:18,2
DA:20,2
DA:25,2
DA:34,2
DA:46,11
DA:53,2
DA:69,4
DA:80,2
DA:90,2
DA:101,2
LF:17
LH:17
BRF:0
BRH:0
end_of_record
TN:
SF:src/server.ts
FN:10,connectionDB
FNF:1
FNH:1
FNDA:2,connectionDB
DA:1,2
DA:3,2
DA:4,2
DA:6,2
DA:8,2
DA:11,2
DA:12,2
DA:13,1
DA:14,1
DA:23,2
DA:26,2
DA:28,2
DA:30,2
DA:32,2
DA:34,2
LF:15
LH:15
BRF:0
BRH:0
end_of_record
TN:
SF:src/config/db.ts
FNF:0
FNH:0
DA:1,2
DA:2,2
DA:4,2
DA:7,2
DA:13,2
LF:5
LH:5
BRF:0
BRH:0
end_of_record
TN:
SF:src/handlers/product.ts
FN:7,(anonymous_1)
FN:16,(anonymous_2)
FN:27,(anonymous_3)
FN:42,(anonymous_4)
FN:57,(anonymous_5)
FN:75,(anonymous_6)
FNF:6
FNH:6
FNDA:8,(anonymous_1)
FNDA:4,(anonymous_2)
FNDA:2,(anonymous_3)
FNDA:2,(anonymous_4)
FNDA:4,(anonymous_5)
FNDA:2,(anonymous_6)
DA:4,2
DA:7,2
DA:8,8
DA:9,8
DA:10,8
DA:16,2
DA:17,4
DA:18,4
DA:21,4
DA:27,2
DA:28,2
DA:29,2
DA:30,2
DA:32,2
DA:33,1
DA:36,1
DA:42,2
DA:43,2
DA:45,2
DA:47,2
DA:48,1
DA:51,1
DA:52,1
DA:54,1
DA:57,2
DA:58,4
DA:59,4
DA:60,4
DA:62,4
DA:63,1
DA:66,3
DA:67,3
DA:69,3
DA:75,2
DA:76,2
DA:78,2
DA:80,2
DA:81,1
DA:84,1
DA:86,1
LF:40
LH:40
BRDA:32,0,0,1
BRDA:47,1,0,1
BRDA:62,2,0,1
BRDA:80,3,0,1
BRF:4
BRH:4
end_of_record
TN:
SF:src/middleware/delete.ts
FNF:0
FNH:0
DA:2,2
DA:4,2
LF:2
LH:2
BRF:0
BRH:0
end_of_record
TN:
SF:src/middleware/index.ts
FN:4,(anonymous_0)
FNF:1
FNH:1
FNDA:25,(anonymous_0)
DA:1,2
DA:4,2
DA:5,25
DA:7,25
DA:8,25
DA:9,7
DA:12,18
LF:7
LH:7
BRDA:8,0,0,7
BRF:1
BRH:1
end_of_record
TN:
SF:src/middleware/methods.ts
FN:4,methods
FNF:1
FNH:1
FNDA:59,methods
DA:2,2
DA:4,2
DA:5,59
DA:6,59
LF:4
LH:4
BRF:0
BRH:0
end_of_record
TN:
SF:src/models/Product.mo.ts
FNF:0
FNH:0
DA:1,2
DA:7,2
DA:11,2
DA:16,2
DA:22,2
DA:25,2
LF:6
LH:6
BRF:0
BRH:0
end_of_record
